<?xml version="1.0" encoding="UTF-8"?>
<!-- Generated by org.testng.reporters.JUnitXMLReporter -->
<testsuite ignored="0" hostname="WPF45D05X" failures="1" tests="2" name="Test" time="66.758" errors="0" timestamp="2025-01-30T17:16:35 IST">
  <testcase classname="qaSDET.testCases.TC_AccountRegistrationTest" name="verify_Account_Registration" time="30.088">
    <failure type="java.lang.AssertionError" message="null">
      <![CDATA[java.lang.AssertionError: null
at qaSDET.testCases.TC_AccountRegistrationTest.verify_Account_Registration(TC_AccountRegistrationTest.java:56)
at java.base/java.util.ArrayList.forEach(ArrayList.java:1597)
... Removed 27 stack frames]]>
    </failure>
  </testcase> <!-- verify_Account_Registration -->
  <testcase classname="qaSDET.testCases.TC_LoginTest" name="verify_login" time="14.865"/>
</testsuite> <!-- Test -->
