16:50:46.428 [AsyncHttpClient-1-1] DEBUG org.asynchttpclient.netty.channel.DefaultChannelPool - Entry count for : http://localhost:63607 : 1
16:50:47.536 [AsyncHttpClient-1-1] DEBUG org.asynchttpclient.netty.channel.DefaultChannelPool - Entry count for : http://localhost:63607 : 1
16:50:48.625 [AsyncHttpClient-1-1] DEBUG org.asynchttpclient.netty.channel.DefaultChannelPool - Entry count for : http://localhost:63607 : 1
16:50:49.725 [AsyncHttpClient-1-1] DEBUG org.asynchttpclient.netty.channel.DefaultChannelPool - Entry count for : http://localhost:63607 : 1
16:50:50.680 [AsyncHttpClient-1-2] DEBUG org.asynchttpclient.netty.handler.HttpHandler - 

Request DefaultHttpRequest(decodeResult: success, version: HTTP/1.1)
POST /session/1b789b88c4e722deaa03dfdd83c06fca/element HTTP/1.1
User-Agent: selenium/4.10.0 (java windows)
Content-Length: 104
Content-Type: application/json; charset=utf-8
host: localhost:42445
accept: */*

Response DefaultHttpResponse(decodeResult: success, version: HTTP/1.1)
HTTP/1.1 404 Not Found
Content-Length: 1535
Content-Type: application/json; charset=utf-8
cache-control: no-cache

16:50:50.690 [AsyncHttpClient-1-2] DEBUG org.asynchttpclient.netty.channel.ChannelManager - Adding key: http://localhost:42445 for channel [id: 0x75b54932, L:/127.0.0.1:63606 - R:localhost/127.0.0.1:42445]
16:50:50.695 [main] INFO  testCases.TC_LoginDDTTest - *** TC_LoginTest -- Failed due to exception
16:50:50.697 [main] DEBUG testCases.TC_LoginDDTTest - org.openqa.selenium.NoSuchElementException: no such element: Unable to locate element: {"method":"xpath","selector":"//div[@class='list-group']//a[@text()='Logout']"}
  (Session info: MicrosoftEdge=131.0.2903.70)
For documentation on this error, please visit: https://www.selenium.dev/documentation/webdriver/troubleshooting/errors#no-such-element-exception
Build info: version: '4.10.0', revision: 'c14d967899'
System info: os.name: 'Windows 11', os.arch: 'amd64', os.version: '10.0', java.version: '23.0.1'
Driver info: org.openqa.selenium.edge.EdgeDriver
Command: [1b789b88c4e722deaa03dfdd83c06fca, findElement {using=xpath, value=//div[@class='list-group']//a[@text()='Logout']}]
Capabilities {acceptInsecureCerts: false, browserName: MicrosoftEdge, browserVersion: 131.0.2903.70, fedcm:accounts: true, ms:edgeOptions: {debuggerAddress: localhost:63607}, msedge: {msedgedriverVersion: 131.0.2903.70 (73cf19ceae66..., userDataDir: C:\Users\raooosub\AppData\L...}, networkConnectionEnabled: false, pageLoadStrategy: normal, platformName: windows, proxy: Proxy(), se:cdp: ws://localhost:63607/devtoo..., se:cdpVersion: 131.0.2903.70, setWindowRect: true, strictFileInteractability: false, timeouts: {implicit: 0, pageLoad: 300000, script: 30000}, unhandledPromptBehavior: dismiss and notify, webauthn:extension:credBlob: true, webauthn:extension:largeBlob: true, webauthn:extension:minPinLength: true, webauthn:extension:prf: true, webauthn:virtualAuthenticators: true}
Session ID: 1b789b88c4e722deaa03dfdd83c06fca
16:50:50.705 [main] INFO  testCases.TC_LoginDDTTest - *** TC_LoginDDTTest -- Start
16:50:50.705 [main] INFO  testCases.TC_LoginDDTTest - Click on My Account
16:50:50.706 [Forwarding findElement on session 1b789b88c4e722deaa03dfdd83c06fca to remote] DEBUG org.asynchttpclient.netty.request.NettyRequestSender - Using pooled Channel '[id: 0x75b54932, L:/127.0.0.1:63606 - R:localhost/127.0.0.1:42445]' for 'POST' to 'http://localhost:42445/session/1b789b88c4e722deaa03dfdd83c06fca/element'
16:50:50.706 [Forwarding findElement on session 1b789b88c4e722deaa03dfdd83c06fca to remote] DEBUG org.asynchttpclient.netty.request.NettyRequestSender - Using open Channel [id: 0x75b54932, L:/127.0.0.1:63606 - R:localhost/127.0.0.1:42445] for POST '/session/1b789b88c4e722deaa03dfdd83c06fca/element'
16:50:50.719 [AsyncHttpClient-1-2] DEBUG org.asynchttpclient.netty.handler.HttpHandler - 

Request DefaultHttpRequest(decodeResult: success, version: HTTP/1.1)
POST /session/1b789b88c4e722deaa03dfdd83c06fca/element HTTP/1.1
User-Agent: selenium/4.10.0 (java windows)
Content-Length: 86
Content-Type: application/json; charset=utf-8
host: localhost:42445
accept: */*

Response DefaultHttpResponse(decodeResult: success, version: HTTP/1.1)
HTTP/1.1 200 OK
Content-Length: 127
Content-Type: application/json; charset=utf-8
cache-control: no-cache

16:50:50.719 [AsyncHttpClient-1-2] DEBUG org.asynchttpclient.netty.channel.ChannelManager - Adding key: http://localhost:42445 for channel [id: 0x75b54932, L:/127.0.0.1:63606 - R:localhost/127.0.0.1:42445]
16:50:50.720 [Forwarding clickElement on session 1b789b88c4e722deaa03dfdd83c06fca to remote] DEBUG org.asynchttpclient.netty.request.NettyRequestSender - Using pooled Channel '[id: 0x75b54932, L:/127.0.0.1:63606 - R:localhost/127.0.0.1:42445]' for 'POST' to 'http://localhost:42445/session/1b789b88c4e722deaa03dfdd83c06fca/element/f.878D7FE4F756F12197F95938A6B05667.d.097E73998A9F0BC0433938610D3FB032.e.113/click'
16:50:50.720 [Forwarding clickElement on session 1b789b88c4e722deaa03dfdd83c06fca to remote] DEBUG org.asynchttpclient.netty.request.NettyRequestSender - Using open Channel [id: 0x75b54932, L:/127.0.0.1:63606 - R:localhost/127.0.0.1:42445] for POST '/session/1b789b88c4e722deaa03dfdd83c06fca/element/f.878D7FE4F756F12197F95938A6B05667.d.097E73998A9F0BC0433938610D3FB032.e.113/click'
16:50:50.772 [AsyncHttpClient-1-2] DEBUG org.asynchttpclient.netty.handler.HttpHandler - 

Request DefaultHttpRequest(decodeResult: success, version: HTTP/1.1)
POST /session/1b789b88c4e722deaa03dfdd83c06fca/element/f.878D7FE4F756F12197F95938A6B05667.d.097E73998A9F0BC0433938610D3FB032.e.113/click HTTP/1.1
User-Agent: selenium/4.10.0 (java windows)
Content-Length: 89
Content-Type: application/json; charset=utf-8
host: localhost:42445
accept: */*

Response DefaultHttpResponse(decodeResult: success, version: HTTP/1.1)
HTTP/1.1 200 OK
Content-Length: 14
Content-Type: application/json; charset=utf-8
cache-control: no-cache

16:50:50.772 [AsyncHttpClient-1-2] DEBUG org.asynchttpclient.netty.channel.ChannelManager - Adding key: http://localhost:42445 for channel [id: 0x75b54932, L:/127.0.0.1:63606 - R:localhost/127.0.0.1:42445]
16:50:50.773 [main] INFO  testCases.TC_LoginDDTTest - Click on Login Link
16:50:50.773 [Forwarding findElement on session 1b789b88c4e722deaa03dfdd83c06fca to remote] DEBUG org.asynchttpclient.netty.request.NettyRequestSender - Using pooled Channel '[id: 0x75b54932, L:/127.0.0.1:63606 - R:localhost/127.0.0.1:42445]' for 'POST' to 'http://localhost:42445/session/1b789b88c4e722deaa03dfdd83c06fca/element'
16:50:50.774 [Forwarding findElement on session 1b789b88c4e722deaa03dfdd83c06fca to remote] DEBUG org.asynchttpclient.netty.request.NettyRequestSender - Using open Channel [id: 0x75b54932, L:/127.0.0.1:63606 - R:localhost/127.0.0.1:42445] for POST '/session/1b789b88c4e722deaa03dfdd83c06fca/element'
16:50:50.833 [AsyncHttpClient-1-1] DEBUG org.asynchttpclient.netty.channel.DefaultChannelPool - Entry count for : http://localhost:63607 : 1
16:50:51.924 [AsyncHttpClient-1-1] DEBUG org.asynchttpclient.netty.channel.DefaultChannelPool - Entry count for : http://localhost:63607 : 1
16:50:53.024 [AsyncHttpClient-1-1] DEBUG org.asynchttpclient.netty.channel.DefaultChannelPool - Entry count for : http://localhost:63607 : 1
16:50:54.125 [AsyncHttpClient-1-1] DEBUG org.asynchttpclient.netty.channel.DefaultChannelPool - Entry count for : http://localhost:63607 : 1
16:50:55.230 [AsyncHttpClient-1-1] DEBUG org.asynchttpclient.netty.channel.DefaultChannelPool - Entry count for : http://localhost:63607 : 1
16:50:56.325 [AsyncHttpClient-1-1] DEBUG org.asynchttpclient.netty.channel.DefaultChannelPool - Entry count for : http://localhost:63607 : 1
16:50:57.425 [AsyncHttpClient-1-1] DEBUG org.asynchttpclient.netty.channel.DefaultChannelPool - Entry count for : http://localhost:63607 : 1
16:50:58.536 [AsyncHttpClient-1-1] DEBUG org.asynchttpclient.netty.channel.DefaultChannelPool - Entry count for : http://localhost:63607 : 1
16:50:59.625 [AsyncHttpClient-1-1] DEBUG org.asynchttpclient.netty.channel.DefaultChannelPool - Entry count for : http://localhost:63607 : 1
16:51:00.733 [AsyncHttpClient-1-1] DEBUG org.asynchttpclient.netty.channel.DefaultChannelPool - Entry count for : http://localhost:63607 : 1
16:51:01.825 [AsyncHttpClient-1-1] DEBUG org.asynchttpclient.netty.channel.DefaultChannelPool - Entry count for : http://localhost:63607 : 1
16:51:02.925 [AsyncHttpClient-1-1] DEBUG org.asynchttpclient.netty.channel.DefaultChannelPool - Entry count for : http://localhost:63607 : 1
16:51:04.025 [AsyncHttpClient-1-1] DEBUG org.asynchttpclient.netty.channel.DefaultChannelPool - Entry count for : http://localhost:63607 : 1
16:51:05.131 [AsyncHttpClient-1-1] DEBUG org.asynchttpclient.netty.channel.DefaultChannelPool - Entry count for : http://localhost:63607 : 1
16:51:06.235 [AsyncHttpClient-1-1] DEBUG org.asynchttpclient.netty.channel.DefaultChannelPool - Entry count for : http://localhost:63607 : 1
16:51:07.324 [AsyncHttpClient-1-1] DEBUG org.asynchttpclient.netty.channel.DefaultChannelPool - Entry count for : http://localhost:63607 : 1
16:51:08.425 [AsyncHttpClient-1-1] DEBUG org.asynchttpclient.netty.channel.DefaultChannelPool - Entry count for : http://localhost:63607 : 1
16:51:09.525 [AsyncHttpClient-1-1] DEBUG org.asynchttpclient.netty.channel.DefaultChannelPool - Entry count for : http://localhost:63607 : 1
16:51:10.625 [AsyncHttpClient-1-1] DEBUG org.asynchttpclient.netty.channel.DefaultChannelPool - Entry count for : http://localhost:63607 : 1
16:51:11.733 [AsyncHttpClient-1-1] DEBUG org.asynchttpclient.netty.channel.DefaultChannelPool - Entry count for : http://localhost:63607 : 1
16:51:12.825 [AsyncHttpClient-1-1] DEBUG org.asynchttpclient.netty.channel.DefaultChannelPool - Entry count for : http://localhost:63607 : 1
16:51:13.927 [AsyncHttpClient-1-1] DEBUG org.asynchttpclient.netty.channel.DefaultChannelPool - Entry count for : http://localhost:63607 : 1
16:51:15.029 [AsyncHttpClient-1-1] DEBUG org.asynchttpclient.netty.channel.DefaultChannelPool - Entry count for : http://localhost:63607 : 1
16:51:16.125 [AsyncHttpClient-1-1] DEBUG org.asynchttpclient.netty.channel.DefaultChannelPool - Entry count for : http://localhost:63607 : 1
16:51:16.125 [AsyncHttpClient-1-1] DEBUG org.asynchttpclient.netty.channel.DefaultChannelPool - Adding Candidate expired Channel [id: 0x2e99d52e, L:/127.0.0.1:63613 - R:localhost/127.0.0.1:63607] isIdleTimeoutExpired=true isRemotelyClosed=false isTtlExpired=false
16:51:16.125 [AsyncHttpClient-1-1] DEBUG org.asynchttpclient.netty.channel.DefaultChannelPool - Closing Idle Channel [id: 0x2e99d52e, L:/127.0.0.1:63613 - R:localhost/127.0.0.1:63607]
16:51:16.126 [AsyncHttpClient-1-1] DEBUG org.asynchttpclient.netty.channel.DefaultChannelPool - Closed 1 connections out of 1 in 1 ms
16:51:16.127 [AsyncHttpClient-1-3] DEBUG org.asynchttpclient.netty.handler.HttpHandler - Channel Closed: [id: 0x2e99d52e, L:/127.0.0.1:63613 ! R:localhost/127.0.0.1:63607] with attribute DISCARD
16:51:20.826 [AsyncHttpClient-1-2] DEBUG org.asynchttpclient.netty.handler.HttpHandler - 

Request DefaultHttpRequest(decodeResult: success, version: HTTP/1.1)
POST /session/1b789b88c4e722deaa03dfdd83c06fca/element HTTP/1.1
User-Agent: selenium/4.10.0 (java windows)
Content-Length: 78
Content-Type: application/json; charset=utf-8
host: localhost:42445
accept: */*

Response DefaultHttpResponse(decodeResult: success, version: HTTP/1.1)
HTTP/1.1 404 Not Found
Content-Length: 1519
Content-Type: application/json; charset=utf-8
cache-control: no-cache

16:51:20.827 [AsyncHttpClient-1-2] DEBUG org.asynchttpclient.netty.channel.ChannelManager - Adding key: http://localhost:42445 for channel [id: 0x75b54932, L:/127.0.0.1:63606 - R:localhost/127.0.0.1:42445]
16:51:20.828 [main] INFO  testCases.TC_LoginDDTTest - *** TC_LoginTest -- Failed due to exception
16:51:20.829 [main] DEBUG testCases.TC_LoginDDTTest - org.openqa.selenium.NoSuchElementException: no such element: Unable to locate element: {"method":"xpath","selector":"//a[normalize-space() ='Login']"}
  (Session info: MicrosoftEdge=131.0.2903.70)
For documentation on this error, please visit: https://www.selenium.dev/documentation/webdriver/troubleshooting/errors#no-such-element-exception
Build info: version: '4.10.0', revision: 'c14d967899'
System info: os.name: 'Windows 11', os.arch: 'amd64', os.version: '10.0', java.version: '23.0.1'
Driver info: org.openqa.selenium.edge.EdgeDriver
Command: [1b789b88c4e722deaa03dfdd83c06fca, findElement {using=xpath, value=//a[normalize-space() ='Login']}]
Capabilities {acceptInsecureCerts: false, browserName: MicrosoftEdge, browserVersion: 131.0.2903.70, fedcm:accounts: true, ms:edgeOptions: {debuggerAddress: localhost:63607}, msedge: {msedgedriverVersion: 131.0.2903.70 (73cf19ceae66..., userDataDir: C:\Users\raooosub\AppData\L...}, networkConnectionEnabled: false, pageLoadStrategy: normal, platformName: windows, proxy: Proxy(), se:cdp: ws://localhost:63607/devtoo..., se:cdpVersion: 131.0.2903.70, setWindowRect: true, strictFileInteractability: false, timeouts: {implicit: 0, pageLoad: 300000, script: 30000}, unhandledPromptBehavior: dismiss and notify, webauthn:extension:credBlob: true, webauthn:extension:largeBlob: true, webauthn:extension:minPinLength: true, webauthn:extension:prf: true, webauthn:virtualAuthenticators: true}
Session ID: 1b789b88c4e722deaa03dfdd83c06fca
16:51:20.832 [main] INFO  testCases.TC_LoginDDTTest - *** TC_LoginDDTTest -- Start
16:51:20.832 [main] INFO  testCases.TC_LoginDDTTest - Click on My Account
16:51:20.833 [Forwarding findElement on session 1b789b88c4e722deaa03dfdd83c06fca to remote] DEBUG org.asynchttpclient.netty.request.NettyRequestSender - Using pooled Channel '[id: 0x75b54932, L:/127.0.0.1:63606 - R:localhost/127.0.0.1:42445]' for 'POST' to 'http://localhost:42445/session/1b789b88c4e722deaa03dfdd83c06fca/element'
16:51:20.833 [Forwarding findElement on session 1b789b88c4e722deaa03dfdd83c06fca to remote] DEBUG org.asynchttpclient.netty.request.NettyRequestSender - Using open Channel [id: 0x75b54932, L:/127.0.0.1:63606 - R:localhost/127.0.0.1:42445] for POST '/session/1b789b88c4e722deaa03dfdd83c06fca/element'
16:51:20.844 [AsyncHttpClient-1-2] DEBUG org.asynchttpclient.netty.handler.HttpHandler - 

Request DefaultHttpRequest(decodeResult: success, version: HTTP/1.1)
POST /session/1b789b88c4e722deaa03dfdd83c06fca/element HTTP/1.1
User-Agent: selenium/4.10.0 (java windows)
Content-Length: 86
Content-Type: application/json; charset=utf-8
host: localhost:42445
accept: */*

Response DefaultHttpResponse(decodeResult: success, version: HTTP/1.1)
HTTP/1.1 200 OK
Content-Length: 127
Content-Type: application/json; charset=utf-8
cache-control: no-cache

16:51:20.845 [AsyncHttpClient-1-2] DEBUG org.asynchttpclient.netty.channel.ChannelManager - Adding key: http://localhost:42445 for channel [id: 0x75b54932, L:/127.0.0.1:63606 - R:localhost/127.0.0.1:42445]
16:51:20.846 [Forwarding clickElement on session 1b789b88c4e722deaa03dfdd83c06fca to remote] DEBUG org.asynchttpclient.netty.request.NettyRequestSender - Using pooled Channel '[id: 0x75b54932, L:/127.0.0.1:63606 - R:localhost/127.0.0.1:42445]' for 'POST' to 'http://localhost:42445/session/1b789b88c4e722deaa03dfdd83c06fca/element/f.878D7FE4F756F12197F95938A6B05667.d.097E73998A9F0BC0433938610D3FB032.e.113/click'
16:51:20.846 [Forwarding clickElement on session 1b789b88c4e722deaa03dfdd83c06fca to remote] DEBUG org.asynchttpclient.netty.request.NettyRequestSender - Using open Channel [id: 0x75b54932, L:/127.0.0.1:63606 - R:localhost/127.0.0.1:42445] for POST '/session/1b789b88c4e722deaa03dfdd83c06fca/element/f.878D7FE4F756F12197F95938A6B05667.d.097E73998A9F0BC0433938610D3FB032.e.113/click'
16:51:20.898 [AsyncHttpClient-1-2] DEBUG org.asynchttpclient.netty.handler.HttpHandler - 

Request DefaultHttpRequest(decodeResult: success, version: HTTP/1.1)
POST /session/1b789b88c4e722deaa03dfdd83c06fca/element/f.878D7FE4F756F12197F95938A6B05667.d.097E73998A9F0BC0433938610D3FB032.e.113/click HTTP/1.1
User-Agent: selenium/4.10.0 (java windows)
Content-Length: 89
Content-Type: application/json; charset=utf-8
host: localhost:42445
accept: */*

Response DefaultHttpResponse(decodeResult: success, version: HTTP/1.1)
HTTP/1.1 200 OK
Content-Length: 14
Content-Type: application/json; charset=utf-8
cache-control: no-cache

16:51:20.898 [AsyncHttpClient-1-2] DEBUG org.asynchttpclient.netty.channel.ChannelManager - Adding key: http://localhost:42445 for channel [id: 0x75b54932, L:/127.0.0.1:63606 - R:localhost/127.0.0.1:42445]
16:51:20.898 [main] INFO  testCases.TC_LoginDDTTest - Click on Login Link
16:51:20.899 [Forwarding findElement on session 1b789b88c4e722deaa03dfdd83c06fca to remote] DEBUG org.asynchttpclient.netty.request.NettyRequestSender - Using pooled Channel '[id: 0x75b54932, L:/127.0.0.1:63606 - R:localhost/127.0.0.1:42445]' for 'POST' to 'http://localhost:42445/session/1b789b88c4e722deaa03dfdd83c06fca/element'
16:51:20.899 [Forwarding findElement on session 1b789b88c4e722deaa03dfdd83c06fca to remote] DEBUG org.asynchttpclient.netty.request.NettyRequestSender - Using open Channel [id: 0x75b54932, L:/127.0.0.1:63606 - R:localhost/127.0.0.1:42445] for POST '/session/1b789b88c4e722deaa03dfdd83c06fca/element'
16:51:50.906 [AsyncHttpClient-1-2] DEBUG org.asynchttpclient.netty.handler.HttpHandler - 

Request DefaultHttpRequest(decodeResult: success, version: HTTP/1.1)
POST /session/1b789b88c4e722deaa03dfdd83c06fca/element HTTP/1.1
User-Agent: selenium/4.10.0 (java windows)
Content-Length: 78
Content-Type: application/json; charset=utf-8
host: localhost:42445
accept: */*

Response DefaultHttpResponse(decodeResult: success, version: HTTP/1.1)
HTTP/1.1 404 Not Found
Content-Length: 1519
Content-Type: application/json; charset=utf-8
cache-control: no-cache

16:51:50.906 [AsyncHttpClient-1-2] DEBUG org.asynchttpclient.netty.channel.ChannelManager - Adding key: http://localhost:42445 for channel [id: 0x75b54932, L:/127.0.0.1:63606 - R:localhost/127.0.0.1:42445]
16:51:50.907 [main] INFO  testCases.TC_LoginDDTTest - *** TC_LoginTest -- Failed due to exception
16:51:50.907 [main] DEBUG testCases.TC_LoginDDTTest - org.openqa.selenium.NoSuchElementException: no such element: Unable to locate element: {"method":"xpath","selector":"//a[normalize-space() ='Login']"}
  (Session info: MicrosoftEdge=131.0.2903.70)
For documentation on this error, please visit: https://www.selenium.dev/documentation/webdriver/troubleshooting/errors#no-such-element-exception
Build info: version: '4.10.0', revision: 'c14d967899'
System info: os.name: 'Windows 11', os.arch: 'amd64', os.version: '10.0', java.version: '23.0.1'
Driver info: org.openqa.selenium.edge.EdgeDriver
Command: [1b789b88c4e722deaa03dfdd83c06fca, findElement {using=xpath, value=//a[normalize-space() ='Login']}]
Capabilities {acceptInsecureCerts: false, browserName: MicrosoftEdge, browserVersion: 131.0.2903.70, fedcm:accounts: true, ms:edgeOptions: {debuggerAddress: localhost:63607}, msedge: {msedgedriverVersion: 131.0.2903.70 (73cf19ceae66..., userDataDir: C:\Users\raooosub\AppData\L...}, networkConnectionEnabled: false, pageLoadStrategy: normal, platformName: windows, proxy: Proxy(), se:cdp: ws://localhost:63607/devtoo..., se:cdpVersion: 131.0.2903.70, setWindowRect: true, strictFileInteractability: false, timeouts: {implicit: 0, pageLoad: 300000, script: 30000}, unhandledPromptBehavior: dismiss and notify, webauthn:extension:credBlob: true, webauthn:extension:largeBlob: true, webauthn:extension:minPinLength: true, webauthn:extension:prf: true, webauthn:virtualAuthenticators: true}
Session ID: 1b789b88c4e722deaa03dfdd83c06fca
16:51:50.910 [main] INFO  testCases.TC_LoginDDTTest - *** TC_LoginDDTTest -- Start
16:51:50.911 [main] INFO  testCases.TC_LoginDDTTest - Click on My Account
16:51:50.912 [Forwarding findElement on session 1b789b88c4e722deaa03dfdd83c06fca to remote] DEBUG org.asynchttpclient.netty.request.NettyRequestSender - Using pooled Channel '[id: 0x75b54932, L:/127.0.0.1:63606 - R:localhost/127.0.0.1:42445]' for 'POST' to 'http://localhost:42445/session/1b789b88c4e722deaa03dfdd83c06fca/element'
16:51:50.912 [Forwarding findElement on session 1b789b88c4e722deaa03dfdd83c06fca to remote] DEBUG org.asynchttpclient.netty.request.NettyRequestSender - Using open Channel [id: 0x75b54932, L:/127.0.0.1:63606 - R:localhost/127.0.0.1:42445] for POST '/session/1b789b88c4e722deaa03dfdd83c06fca/element'
16:51:50.922 [AsyncHttpClient-1-2] DEBUG org.asynchttpclient.netty.handler.HttpHandler - 

Request DefaultHttpRequest(decodeResult: success, version: HTTP/1.1)
POST /session/1b789b88c4e722deaa03dfdd83c06fca/element HTTP/1.1
User-Agent: selenium/4.10.0 (java windows)
Content-Length: 86
Content-Type: application/json; charset=utf-8
host: localhost:42445
accept: */*

Response DefaultHttpResponse(decodeResult: success, version: HTTP/1.1)
HTTP/1.1 200 OK
Content-Length: 127
Content-Type: application/json; charset=utf-8
cache-control: no-cache

16:51:50.922 [AsyncHttpClient-1-2] DEBUG org.asynchttpclient.netty.channel.ChannelManager - Adding key: http://localhost:42445 for channel [id: 0x75b54932, L:/127.0.0.1:63606 - R:localhost/127.0.0.1:42445]
16:51:50.923 [Forwarding clickElement on session 1b789b88c4e722deaa03dfdd83c06fca to remote] DEBUG org.asynchttpclient.netty.request.NettyRequestSender - Using pooled Channel '[id: 0x75b54932, L:/127.0.0.1:63606 - R:localhost/127.0.0.1:42445]' for 'POST' to 'http://localhost:42445/session/1b789b88c4e722deaa03dfdd83c06fca/element/f.878D7FE4F756F12197F95938A6B05667.d.097E73998A9F0BC0433938610D3FB032.e.113/click'
16:51:50.923 [Forwarding clickElement on session 1b789b88c4e722deaa03dfdd83c06fca to remote] DEBUG org.asynchttpclient.netty.request.NettyRequestSender - Using open Channel [id: 0x75b54932, L:/127.0.0.1:63606 - R:localhost/127.0.0.1:42445] for POST '/session/1b789b88c4e722deaa03dfdd83c06fca/element/f.878D7FE4F756F12197F95938A6B05667.d.097E73998A9F0BC0433938610D3FB032.e.113/click'
16:51:50.966 [AsyncHttpClient-1-2] DEBUG org.asynchttpclient.netty.handler.HttpHandler - 

Request DefaultHttpRequest(decodeResult: success, version: HTTP/1.1)
POST /session/1b789b88c4e722deaa03dfdd83c06fca/element/f.878D7FE4F756F12197F95938A6B05667.d.097E73998A9F0BC0433938610D3FB032.e.113/click HTTP/1.1
User-Agent: selenium/4.10.0 (java windows)
Content-Length: 89
Content-Type: application/json; charset=utf-8
host: localhost:42445
accept: */*

Response DefaultHttpResponse(decodeResult: success, version: HTTP/1.1)
HTTP/1.1 200 OK
Content-Length: 14
Content-Type: application/json; charset=utf-8
cache-control: no-cache

16:51:50.966 [AsyncHttpClient-1-2] DEBUG org.asynchttpclient.netty.channel.ChannelManager - Adding key: http://localhost:42445 for channel [id: 0x75b54932, L:/127.0.0.1:63606 - R:localhost/127.0.0.1:42445]
16:51:50.966 [main] INFO  testCases.TC_LoginDDTTest - Click on Login Link
16:51:50.967 [Forwarding findElement on session 1b789b88c4e722deaa03dfdd83c06fca to remote] DEBUG org.asynchttpclient.netty.request.NettyRequestSender - Using pooled Channel '[id: 0x75b54932, L:/127.0.0.1:63606 - R:localhost/127.0.0.1:42445]' for 'POST' to 'http://localhost:42445/session/1b789b88c4e722deaa03dfdd83c06fca/element'
16:51:50.967 [Forwarding findElement on session 1b789b88c4e722deaa03dfdd83c06fca to remote] DEBUG org.asynchttpclient.netty.request.NettyRequestSender - Using open Channel [id: 0x75b54932, L:/127.0.0.1:63606 - R:localhost/127.0.0.1:42445] for POST '/session/1b789b88c4e722deaa03dfdd83c06fca/element'
16:52:21.005 [AsyncHttpClient-1-2] DEBUG org.asynchttpclient.netty.handler.HttpHandler - 

Request DefaultHttpRequest(decodeResult: success, version: HTTP/1.1)
POST /session/1b789b88c4e722deaa03dfdd83c06fca/element HTTP/1.1
User-Agent: selenium/4.10.0 (java windows)
Content-Length: 78
Content-Type: application/json; charset=utf-8
host: localhost:42445
accept: */*

Response DefaultHttpResponse(decodeResult: success, version: HTTP/1.1)
HTTP/1.1 404 Not Found
Content-Length: 1519
Content-Type: application/json; charset=utf-8
cache-control: no-cache

16:52:21.006 [AsyncHttpClient-1-2] DEBUG org.asynchttpclient.netty.channel.ChannelManager - Adding key: http://localhost:42445 for channel [id: 0x75b54932, L:/127.0.0.1:63606 - R:localhost/127.0.0.1:42445]
16:52:21.009 [main] INFO  testCases.TC_LoginDDTTest - *** TC_LoginTest -- Failed due to exception
16:52:21.009 [main] DEBUG testCases.TC_LoginDDTTest - org.openqa.selenium.NoSuchElementException: no such element: Unable to locate element: {"method":"xpath","selector":"//a[normalize-space() ='Login']"}
  (Session info: MicrosoftEdge=131.0.2903.70)
For documentation on this error, please visit: https://www.selenium.dev/documentation/webdriver/troubleshooting/errors#no-such-element-exception
Build info: version: '4.10.0', revision: 'c14d967899'
System info: os.name: 'Windows 11', os.arch: 'amd64', os.version: '10.0', java.version: '23.0.1'
Driver info: org.openqa.selenium.edge.EdgeDriver
Command: [1b789b88c4e722deaa03dfdd83c06fca, findElement {using=xpath, value=//a[normalize-space() ='Login']}]
Capabilities {acceptInsecureCerts: false, browserName: MicrosoftEdge, browserVersion: 131.0.2903.70, fedcm:accounts: true, ms:edgeOptions: {debuggerAddress: localhost:63607}, msedge: {msedgedriverVersion: 131.0.2903.70 (73cf19ceae66..., userDataDir: C:\Users\raooosub\AppData\L...}, networkConnectionEnabled: false, pageLoadStrategy: normal, platformName: windows, proxy: Proxy(), se:cdp: ws://localhost:63607/devtoo..., se:cdpVersion: 131.0.2903.70, setWindowRect: true, strictFileInteractability: false, timeouts: {implicit: 0, pageLoad: 300000, script: 30000}, unhandledPromptBehavior: dismiss and notify, webauthn:extension:credBlob: true, webauthn:extension:largeBlob: true, webauthn:extension:minPinLength: true, webauthn:extension:prf: true, webauthn:virtualAuthenticators: true}
Session ID: 1b789b88c4e722deaa03dfdd83c06fca
16:52:21.017 [Driver Command Executor] DEBUG org.asynchttpclient.netty.request.NettyRequestSender - Using pooled Channel '[id: 0x75b54932, L:/127.0.0.1:63606 - R:localhost/127.0.0.1:42445]' for 'DELETE' to 'http://localhost:42445/session/1b789b88c4e722deaa03dfdd83c06fca'
16:52:21.018 [Driver Command Executor] DEBUG org.asynchttpclient.netty.request.NettyRequestSender - Using open Channel [id: 0x75b54932, L:/127.0.0.1:63606 - R:localhost/127.0.0.1:42445] for DELETE '/session/1b789b88c4e722deaa03dfdd83c06fca'
16:52:21.020 [AsyncHttpClient-1-4] DEBUG org.asynchttpclient.netty.handler.WebSocketHandler - Channel Closed: [id: 0xeb5d27c0, L:/127.0.0.1:63614 ! R:localhost/127.0.0.1:63607] with attribute DISCARD
16:52:21.083 [AsyncHttpClient-1-2] DEBUG org.asynchttpclient.netty.handler.HttpHandler - 

Request DefaultFullHttpRequest(decodeResult: success, version: HTTP/1.1, content: EmptyByteBufBE)
DELETE /session/1b789b88c4e722deaa03dfdd83c06fca HTTP/1.1
User-Agent: selenium/4.10.0 (java windows)
Content-Type: application/json; charset=utf-8
host: localhost:42445
accept: */*

Response DefaultHttpResponse(decodeResult: success, version: HTTP/1.1)
HTTP/1.1 200 OK
Content-Length: 14
Content-Type: application/json; charset=utf-8
cache-control: no-cache

16:52:21.084 [AsyncHttpClient-1-2] DEBUG org.asynchttpclient.netty.channel.ChannelManager - Adding key: http://localhost:42445 for channel [id: 0x75b54932, L:/127.0.0.1:63606 - R:localhost/127.0.0.1:42445]
16:52:21.193 [AsyncHttpClient-1-2] DEBUG org.asynchttpclient.netty.handler.HttpHandler - Channel Closed: [id: 0x75b54932, L:/127.0.0.1:63606 ! R:localhost/127.0.0.1:42445] with attribute DISCARD
11:33:40.516 [main] INFO  testCases.TC_LoginDDTTest - *** TC_LoginDDTTest -- Start
11:33:40.551 [main] INFO  testCases.TC_LoginDDTTest - Click on My Account
11:33:40.621 [main] INFO  testCases.TC_LoginDDTTest - Click on Login Link
11:33:42.745 [main] INFO  testCases.TC_LoginDDTTest - Enter user name and password
11:33:42.928 [main] INFO  testCases.TC_LoginDDTTest - Click on Login Button
11:33:45.646 [main] INFO  testCases.TC_LoginDDTTest - *** TC_LoginTest -- Pass
11:33:48.648 [main] INFO  testCases.TC_LoginDDTTest - *** TC_LoginDDTTest -- End
11:33:48.652 [main] INFO  testCases.TC_LoginDDTTest - *** TC_LoginDDTTest -- Start
11:33:48.652 [main] INFO  testCases.TC_LoginDDTTest - Click on My Account
11:33:48.731 [main] INFO  testCases.TC_LoginDDTTest - Click on Login Link
11:33:50.858 [main] INFO  testCases.TC_LoginDDTTest - Enter user name and password
11:33:50.990 [main] INFO  testCases.TC_LoginDDTTest - Click on Login Button
11:34:21.511 [main] INFO  testCases.TC_LoginDDTTest - *** TC_LoginTest -- Pass
11:34:24.523 [main] INFO  testCases.TC_LoginDDTTest - *** TC_LoginDDTTest -- End
11:34:24.529 [main] INFO  testCases.TC_LoginDDTTest - *** TC_LoginDDTTest -- Start
11:34:24.530 [main] INFO  testCases.TC_LoginDDTTest - Click on My Account
11:34:24.611 [main] INFO  testCases.TC_LoginDDTTest - Click on Login Link
11:34:26.738 [main] INFO  testCases.TC_LoginDDTTest - Enter user name and password
11:34:26.877 [main] INFO  testCases.TC_LoginDDTTest - Click on Login Button
11:34:51.846 [main] INFO  testCases.TC_LoginDDTTest - *** TC_LoginTest -- Pass
11:34:54.857 [main] INFO  testCases.TC_LoginDDTTest - *** TC_LoginDDTTest -- End
11:34:54.861 [main] INFO  testCases.TC_LoginDDTTest - *** TC_LoginDDTTest -- Start
11:34:54.861 [main] INFO  testCases.TC_LoginDDTTest - Click on My Account
11:34:54.872 [main] INFO  testCases.TC_LoginDDTTest - *** TC_LoginTest -- Failed due to exception
11:45:43.366 [TestNG-tests-1] INFO  testCases.TC_AccountRegistrationTest - Starting test case *** verify_Account_Registration *** 
11:45:43.413 [TestNG-tests-1] INFO  testCases.TC_AccountRegistrationTest - Home Page -- > Click on My Account
11:45:43.515 [TestNG-tests-1] INFO  testCases.TC_AccountRegistrationTest - Home Page -- > Click on Register Account
11:45:44.853 [TestNG-tests-1] INFO  testCases.TC_AccountRegistrationTest - Register Account Page -- > Start Entering registration details
11:45:45.370 [TestNG-tests-1] INFO  testCases.TC_AccountRegistrationTest - Register Account Page -- > End Entering registration details
11:45:45.950 [TestNG-tests-1] INFO  testCases.TC_AccountRegistrationTest - Register Account Page -- > End Entering registration details
11:45:45.983 [TestNG-tests-1] INFO  testCases.TC_AccountRegistrationTest - validating expected message
11:45:45.984 [TestNG-tests-1] INFO  testCases.TC_AccountRegistrationTest - Test Case Passed
11:45:45.984 [TestNG-tests-1] INFO  testCases.TC_AccountRegistrationTest - Ending test case *** verify_Account_Registration *** 
11:45:46.019 [AsyncHttpClient-1-4] WARN  org.asynchttpclient.netty.handler.WebSocketHandler - onError
java.net.SocketException: Connection reset
	at sun.nio.ch.SocketChannelImpl.throwConnectionReset(SocketChannelImpl.java:403) ~[?:?]
	at sun.nio.ch.SocketChannelImpl.implRead(SocketChannelImpl.java:435) ~[?:?]
	at sun.nio.ch.SocketChannelImpl.read(SocketChannelImpl.java:493) ~[?:?]
	at io.netty.buffer.PooledByteBuf.setBytes(PooledByteBuf.java:256) ~[netty-buffer-4.1.92.Final.jar:4.1.92.Final]
	at io.netty.buffer.AbstractByteBuf.writeBytes(AbstractByteBuf.java:1132) ~[netty-buffer-4.1.92.Final.jar:4.1.92.Final]
	at io.netty.channel.socket.nio.NioSocketChannel.doReadBytes(NioSocketChannel.java:357) ~[netty-transport-4.1.92.Final.jar:4.1.92.Final]
	at io.netty.channel.nio.AbstractNioByteChannel$NioByteUnsafe.read(AbstractNioByteChannel.java:151) ~[netty-transport-4.1.92.Final.jar:4.1.92.Final]
	at io.netty.channel.nio.NioEventLoop.processSelectedKey(NioEventLoop.java:788) ~[netty-transport-4.1.92.Final.jar:4.1.92.Final]
	at io.netty.channel.nio.NioEventLoop.processSelectedKeysOptimized(NioEventLoop.java:724) ~[netty-transport-4.1.92.Final.jar:4.1.92.Final]
	at io.netty.channel.nio.NioEventLoop.processSelectedKeys(NioEventLoop.java:650) ~[netty-transport-4.1.92.Final.jar:4.1.92.Final]
	at io.netty.channel.nio.NioEventLoop.run(NioEventLoop.java:562) ~[netty-transport-4.1.92.Final.jar:4.1.92.Final]
	at io.netty.util.concurrent.SingleThreadEventExecutor$4.run(SingleThreadEventExecutor.java:997) ~[netty-common-4.1.92.Final.jar:4.1.92.Final]
	at io.netty.util.internal.ThreadExecutorMap$2.run(ThreadExecutorMap.java:74) ~[netty-common-4.1.92.Final.jar:4.1.92.Final]
	at io.netty.util.concurrent.FastThreadLocalRunnable.run(FastThreadLocalRunnable.java:30) ~[netty-common-4.1.92.Final.jar:4.1.92.Final]
	at java.lang.Thread.run(Thread.java:1575) ~[?:?]
11:51:37.185 [TestNG-tests-1] INFO  testCases.TC_AccountRegistrationTest - Starting test case *** verify_Account_Registration *** 
11:51:37.233 [TestNG-tests-1] INFO  testCases.TC_AccountRegistrationTest - Home Page -- > Click on My Account
11:51:37.338 [TestNG-tests-1] INFO  testCases.TC_AccountRegistrationTest - Home Page -- > Click on Register Account
11:51:37.680 [TestNG-tests-1] INFO  testCases.TC_AccountRegistrationTest - Register Account Page -- > Start Entering registration details
11:51:38.152 [TestNG-tests-1] INFO  testCases.TC_AccountRegistrationTest - Register Account Page -- > End Entering registration details
11:51:38.783 [TestNG-tests-1] INFO  testCases.TC_AccountRegistrationTest - Register Account Page -- > End Entering registration details
11:51:38.815 [TestNG-tests-1] INFO  testCases.TC_AccountRegistrationTest - validating expected message
11:51:38.816 [TestNG-tests-1] INFO  testCases.TC_AccountRegistrationTest - Test Case Passed
11:51:38.817 [TestNG-tests-1] INFO  testCases.TC_AccountRegistrationTest - Ending test case *** verify_Account_Registration *** 
11:53:08.844 [main] INFO  testCases.TC_AccountRegistrationTest - Starting test case *** verify_Account_Registration *** 
11:53:08.890 [main] INFO  testCases.TC_AccountRegistrationTest - Home Page -- > Click on My Account
11:53:08.997 [main] INFO  testCases.TC_AccountRegistrationTest - Home Page -- > Click on Register Account
11:53:09.412 [main] INFO  testCases.TC_AccountRegistrationTest - Register Account Page -- > Start Entering registration details
11:53:09.886 [main] INFO  testCases.TC_AccountRegistrationTest - Register Account Page -- > End Entering registration details
11:53:10.701 [main] INFO  testCases.TC_AccountRegistrationTest - Register Account Page -- > End Entering registration details
11:53:10.733 [main] INFO  testCases.TC_AccountRegistrationTest - validating expected message
11:53:10.734 [main] INFO  testCases.TC_AccountRegistrationTest - Test Case Passed
11:53:10.734 [main] INFO  testCases.TC_AccountRegistrationTest - Ending test case *** verify_Account_Registration *** 
11:53:16.702 [main] INFO  testCases.TC_LoginTest - *** TC_LoginTest -- Start
11:53:16.703 [main] INFO  testCases.TC_LoginTest - Click on My Account
11:53:16.857 [main] INFO  testCases.TC_LoginTest - Click on Login Link
11:53:17.107 [main] INFO  testCases.TC_LoginTest - Enter user name and password
11:53:17.276 [main] INFO  testCases.TC_LoginTest - Click on Login Button
11:53:17.777 [main] INFO  testCases.TC_LoginTest - Check if My Account page loaded
11:53:17.873 [main] INFO  testCases.TC_LoginTest - *** TC_LoginTest -- Pass
11:53:17.873 [main] INFO  testCases.TC_LoginTest - *** TC_LoginTest -- End
11:55:14.945 [main] INFO  testCases.TC_AccountRegistrationTest - Starting test case *** verify_Account_Registration *** 
11:55:14.990 [main] INFO  testCases.TC_AccountRegistrationTest - Home Page -- > Click on My Account
