<!DOCTYPE html PUBLIC "-//W3C//DTD XHTML 1.1//EN" "https://www.w3.org/TR/xhtml11/DTD/xhtml11.dtd">
<html xmlns="https://www.w3.org/1999/xhtml">
<head>
<meta http-equiv="content-type" content="text/html; charset=UTF-8"/>
<title>TestNG Report</title>
<style type="text/css">table {margin-bottom:10px;border-collapse:collapse;empty-cells:show}th,td {border:1px solid #009;padding:.25em .5em}th {vertical-align:bottom}td {vertical-align:top}table a {font-weight:bold}.stripe td {background-color: #E6EBF9}.num {text-align:right}.passedodd td {background-color: #3F3}.passedeven td {background-color: #0A0}.skippedodd td {background-color: #DDD}.skippedeven td {background-color: #CCC}.failedodd td,.attn {background-color: #F33}.failedeven td,.stripe .attn {background-color: #D00}.stacktrace {white-space:pre;font-family:monospace}.totop {font-size:85%;text-align:center;border-bottom:2px solid #000}.invisible {display:none}</style>
</head>
<body>
<table>
<tr><th>Test</th><th># Passed</th><th># Skipped</th><th># Retried</th><th># Failed</th><th>Time (ms)</th><th>Included Groups</th><th>Excluded Groups</th></tr>
<tr><th colspan="8">Suite</th></tr>
<tr><td><a href="#t0">Test SuccessFul Transactions</a></td><td class="num">6</td><td class="num attn">2</td><td class="num">0</td><td class="num attn">2</td><td class="num">526,270</td><td>Purchase</td><td></td></tr>
</table>
<table id='summary'><thead><tr><th>Class</th><th>Method</th><th>Start</th><th>Time (ms)</th></tr></thead><tbody><tr><th colspan="4">Suite</th></tr></tbody><tbody id="t0"><tr><th colspan="4">Test SuccessFul Transactions &#8212; failed</th></tr><tr class="failedeven"><td rowspan="1">rs_StandAloneTest.TC_04_TestSubmitOrderWithHashMapData</td><td><a href="#m0">testSubmitOrder</a></td><td rowspan="1">1738238106688</td><td rowspan="1">10283</td></tr><tr class="failedodd"><td rowspan="1">rs_StandAloneTest.TC_05_TestSubmitOrderWithJSONData</td><td><a href="#m1">testSubmitOrder</a></td><td rowspan="1">1738238268990</td><td rowspan="1">29666</td></tr><tr><th colspan="4">Test SuccessFul Transactions &#8212; skipped</th></tr><tr class="skippedeven"><td rowspan="1">rs_StandAloneTest.TC_04_TestSubmitOrderWithHashMapData</td><td><a href="#m2">OrderHistoryTest</a></td><td rowspan="1">1738238238678</td><td rowspan="1">0</td></tr><tr class="skippedodd"><td rowspan="1">rs_StandAloneTest.TC_05_TestSubmitOrderWithJSONData</td><td><a href="#m3">OrderHistoryTest</a></td><td rowspan="1">1738238340318</td><td rowspan="1">0</td></tr><tr><th colspan="4">Test SuccessFul Transactions &#8212; passed</th></tr><tr class="passedeven"><td rowspan="4">rs_StandAloneTest.TC_02_TestSubmitOrderUpdated</td><td><a href="#m4">OrderHistoryTest</a></td><td rowspan="2">1738238036440</td><td rowspan="2">776</td></tr><tr class="passedeven"><td><a href="#m5">OrderHistoryTest</a></td></tr><tr class="passedeven"><td><a href="#m6">testSubmitOrder</a></td><td rowspan="2">1738237924107</td><td rowspan="2">21171</td></tr><tr class="passedeven"><td><a href="#m7">testSubmitOrder</a></td></tr><tr class="passedodd"><td rowspan="1">rs_StandAloneTest.TC_04_TestSubmitOrderWithHashMapData</td><td><a href="#m8">testSubmitOrder</a></td><td rowspan="1">1738238212045</td><td rowspan="1">25928</td></tr><tr class="passedeven"><td rowspan="1">rs_StandAloneTest.TC_05_TestSubmitOrderWithJSONData</td><td><a href="#m9">testSubmitOrder</a></td><td rowspan="1">1738238305854</td><td rowspan="1">33770</td></tr></tbody>
</table>
<h2>Test SuccessFul Transactions</h2><h3 id="m0">rs_StandAloneTest.TC_04_TestSubmitOrderWithHashMapData#testSubmitOrder</h3><table class="result"><tr class="param"><th>Parameter #1</th></tr><tr class="param stripe"><td>{password=Span@1234, email=subbaraw@gmail.com, productName=IPHONE 13 PRO}</td></tr><tr><th>Exception</th></tr><tr><td><div class="stacktrace">org.openqa.selenium.TimeoutException: Expected condition failed: waiting for visibility of element located by By.cssSelector: .mb-3 (tried for 5 second(s) with 500 milliseconds interval)
Build info: version: &apos;4.12.1&apos;, revision: &apos;8e34639b11&apos;
System info: os.name: &apos;Windows 10&apos;, os.arch: &apos;amd64&apos;, os.version: &apos;10.0&apos;, java.version: &apos;1.8.0_292&apos;
Driver info: org.openqa.selenium.chrome.ChromeDriver
Capabilities {acceptInsecureCerts: false, browserName: chrome, browserVersion: 132.0.6834.111, chrome: {chromedriverVersion: 132.0.6834.159 (2d77d3fc445..., userDataDir: C:\Users\raooosub\AppData\L...}, fedcm:accounts: true, goog:chromeOptions: {debuggerAddress: localhost:63607}, networkConnectionEnabled: false, pageLoadStrategy: normal, platformName: windows, proxy: Proxy(), se:cdp: ws://localhost:63607/devtoo..., se:cdpVersion: 132.0.6834.111, setWindowRect: true, strictFileInteractability: false, timeouts: {implicit: 0, pageLoad: 300000, script: 30000}, unhandledPromptBehavior: dismiss and notify, webauthn:extension:credBlob: true, webauthn:extension:largeBlob: true, webauthn:extension:minPinLength: true, webauthn:extension:prf: true, webauthn:virtualAuthenticators: true}
Session ID: b6d512f8fc4fcad99bd85568b3055a96
	at org.openqa.selenium.support.ui.WebDriverWait.timeoutException(WebDriverWait.java:84)
	at org.openqa.selenium.support.ui.FluentWait.until(FluentWait.java:230)
	at rs_AbstractComponents.AbstractComponent.waitForElementToAppear(AbstractComponent.java:31)
	at rs_PageObjects.ProductCataloguePage.getProductList(ProductCataloguePage.java:36)
	at rs_StandAloneTest.TC_04_TestSubmitOrderWithHashMapData.testSubmitOrder(TC_04_TestSubmitOrderWithHashMapData.java:28)
	at java.util.ArrayList.forEach(ArrayList.java:1259)
... Removed 31 stack frames</div></td></tr></table><p class="totop"><a href="#summary">back to summary</a></p>
<h3 id="m1">rs_StandAloneTest.TC_05_TestSubmitOrderWithJSONData#testSubmitOrder</h3><table class="result"><tr class="param"><th>Parameter #1</th></tr><tr class="param stripe"><td>{password=Span@1234, email=subbaraw@gmail.com, productName=IPHONE 13 PRO}</td></tr><tr><th>Exception</th></tr><tr><td><div class="stacktrace">java.lang.AssertionError: expected [true] but found [false]
	at rs_StandAloneTest.TC_05_TestSubmitOrderWithJSONData.testSubmitOrder(TC_05_TestSubmitOrderWithJSONData.java:38)
	at java.util.ArrayList.forEach(ArrayList.java:1259)
... Removed 35 stack frames</div></td></tr></table><p class="totop"><a href="#summary">back to summary</a></p>
<h3 id="m2">rs_StandAloneTest.TC_04_TestSubmitOrderWithHashMapData#OrderHistoryTest</h3><table class="result"><tr><th>Exception</th></tr><tr><td><div class="stacktrace">java.lang.Throwable: Method TC_04_TestSubmitOrderWithHashMapData.OrderHistoryTest(java.util.HashMap)[pri:0, instance:rs_StandAloneTest.TC_04_TestSubmitOrderWithHashMapData@37374a5e] depends on not successfully finished methods
	at java.util.ArrayList.forEach(ArrayList.java:1259)
... Removed 22 stack frames</div></td></tr></table><p class="totop"><a href="#summary">back to summary</a></p>
<h3 id="m3">rs_StandAloneTest.TC_05_TestSubmitOrderWithJSONData#OrderHistoryTest</h3><table class="result"><tr><th>Exception</th></tr><tr><td><div class="stacktrace">java.lang.Throwable: Method TC_05_TestSubmitOrderWithJSONData.OrderHistoryTest(java.util.HashMap)[pri:0, instance:rs_StandAloneTest.TC_05_TestSubmitOrderWithJSONData@4671e53b] depends on not successfully finished methods
	at java.util.ArrayList.forEach(ArrayList.java:1259)
... Removed 22 stack frames</div></td></tr></table><p class="totop"><a href="#summary">back to summary</a></p>
<h3 id="m4">rs_StandAloneTest.TC_02_TestSubmitOrderUpdated#OrderHistoryTest</h3><table class="result"><tr class="param"><th>Parameter #1</th><th>Parameter #2</th><th>Parameter #3</th></tr><tr class="param stripe"><td>subbaraw@gmail.com</td><td>Span@1234</td><td>IPHONE 13 PRO</td></tr></table><p class="totop"><a href="#summary">back to summary</a></p>
<h3 id="m5">rs_StandAloneTest.TC_02_TestSubmitOrderUpdated#OrderHistoryTest</h3><table class="result"><tr class="param"><th>Parameter #1</th><th>Parameter #2</th><th>Parameter #3</th></tr><tr class="param stripe"><td>subbaraw@gmail.com</td><td>Span@1234</td><td>QWERTY</td></tr></table><p class="totop"><a href="#summary">back to summary</a></p>
<h3 id="m6">rs_StandAloneTest.TC_02_TestSubmitOrderUpdated#testSubmitOrder</h3><table class="result"><tr class="param"><th>Parameter #1</th><th>Parameter #2</th><th>Parameter #3</th></tr><tr class="param stripe"><td>subbaraw@gmail.com</td><td>Span@1234</td><td>IPHONE 13 PRO</td></tr></table><p class="totop"><a href="#summary">back to summary</a></p>
<h3 id="m7">rs_StandAloneTest.TC_02_TestSubmitOrderUpdated#testSubmitOrder</h3><table class="result"><tr class="param"><th>Parameter #1</th><th>Parameter #2</th><th>Parameter #3</th></tr><tr class="param stripe"><td>subbaraw@gmail.com</td><td>Span@1234</td><td>QWERTY</td></tr></table><p class="totop"><a href="#summary">back to summary</a></p>
<h3 id="m8">rs_StandAloneTest.TC_04_TestSubmitOrderWithHashMapData#testSubmitOrder</h3><table class="result"><tr class="param"><th>Parameter #1</th></tr><tr class="param stripe"><td>{password=Span@1234, email=subbaraw@gmail.com, productName=QWERTY}</td></tr></table><p class="totop"><a href="#summary">back to summary</a></p>
<h3 id="m9">rs_StandAloneTest.TC_05_TestSubmitOrderWithJSONData#testSubmitOrder</h3><table class="result"><tr class="param"><th>Parameter #1</th></tr><tr class="param stripe"><td>{password=Span@1234, email=subbaraw@gmail.com, productName=QWERTY}</td></tr></table><p class="totop"><a href="#summary">back to summary</a></p>
</body>
</html>
