<!DOCTYPE html PUBLIC "-//W3C//DTD XHTML 1.1//EN" "https://www.w3.org/TR/xhtml11/DTD/xhtml11.dtd">
<html xmlns="https://www.w3.org/1999/xhtml">
<head>
<meta http-equiv="content-type" content="text/html; charset=UTF-8"/>
<title>TestNG Report</title>
<style type="text/css">table {margin-bottom:10px;border-collapse:collapse;empty-cells:show}th,td {border:1px solid #009;padding:.25em .5em}th {vertical-align:bottom}td {vertical-align:top}table a {font-weight:bold}.stripe td {background-color: #E6EBF9}.num {text-align:right}.passedodd td {background-color: #3F3}.passedeven td {background-color: #0A0}.skippedodd td {background-color: #DDD}.skippedeven td {background-color: #CCC}.failedodd td,.attn {background-color: #F33}.failedeven td,.stripe .attn {background-color: #D00}.stacktrace {white-space:pre;font-family:monospace}.totop {font-size:85%;text-align:center;border-bottom:2px solid #000}.invisible {display:none}</style>
</head>
<body>
<table>
<tr><th>Test</th><th># Passed</th><th># Skipped</th><th># Retried</th><th># Failed</th><th>Time (ms)</th><th>Included Groups</th><th>Excluded Groups</th></tr>
<tr><th colspan="8">Suite</th></tr>
<tr><td><a href="#t0">Test Error Validations</a></td><td class="num">0</td><td class="num">0</td><td class="num attn">1</td><td class="num attn">2</td><td class="num">43,078</td><td>Purchase, ErrorHandling</td><td></td></tr>
<tr class="stripe"><td><a href="#t1">Test SuccessFul Transactions</a></td><td class="num">4</td><td class="num">0</td><td class="num">0</td><td class="num">0</td><td class="num">44,882</td><td>Purchase, ErrorHandling</td><td></td></tr>
<tr><th>Total</th><th class="num">4</th><th class="num">0</th><th class="num attn">1</th><th class="num attn">2</th><th class="num">87,960</th><th colspan="2"></th></tr>
</table>
<table id='summary'><thead><tr><th>Class</th><th>Method</th><th>Start</th><th>Time (ms)</th></tr></thead><tbody><tr><th colspan="4">Suite</th></tr></tbody><tbody id="t0"><tr><th colspan="4">Test Error Validations &#8212; failed</th></tr><tr class="failedeven"><td rowspan="2">rs_StandAloneTest.TC_03_TestErrorValidations</td><td><a href="#m0">testInValidLoginForErrorMessage</a></td><td rowspan="1">1738644092304</td><td rowspan="1">23238</td></tr><tr class="failedeven"><td><a href="#m1">testSubmitOrderWithInvalidProduct</a></td><td rowspan="1">1738644126924</td><td rowspan="1">3594</td></tr><tr><th colspan="4">Test Error Validations &#8212; retried</th></tr><tr class="retriedeven"><td rowspan="1">rs_StandAloneTest.TC_03_TestErrorValidations</td><td><a href="#m2">testSubmitOrderWithInvalidProduct</a></td><td rowspan="1">1738644119885</td><td rowspan="1">3269</td></tr></tbody>
<tbody id="t1"><tr><th colspan="4">Test SuccessFul Transactions &#8212; passed</th></tr><tr class="passedeven"><td rowspan="4">rs_StandAloneTest.TC_02_TestSubmitOrderUpdated</td><td><a href="#m3">OrderHistoryTest</a></td><td rowspan="2">1738644124593</td><td rowspan="2">1437</td></tr><tr class="passedeven"><td><a href="#m4">OrderHistoryTest</a></td></tr><tr class="passedeven"><td><a href="#m5">testSubmitOrder</a></td><td rowspan="2">1738644102935</td><td rowspan="2">16652</td></tr><tr class="passedeven"><td><a href="#m6">testSubmitOrder</a></td></tr></tbody>
</table>
<h2>Test Error Validations</h2><h3 id="m0">rs_StandAloneTest.TC_03_TestErrorValidations#testInValidLoginForErrorMessage</h3><table class="result"><tr><th>Exception</th></tr><tr><td><div class="stacktrace">org.openqa.selenium.NoSuchElementException: no such element: Unable to locate element: {&quot;method&quot;:&quot;css selector&quot;,&quot;selector&quot;:&quot;[class*=&apos;flyInOut&apos;]&quot;}
  (Session info: chrome=132.0.6834.160)
For documentation on this error, please visit: https://www.selenium.dev/documentation/webdriver/troubleshooting/errors#no-such-element-exception
Build info: version: &apos;4.12.1&apos;, revision: &apos;8e34639b11&apos;
System info: os.name: &apos;Windows 11&apos;, os.arch: &apos;amd64&apos;, os.version: &apos;10.0&apos;, java.version: &apos;23.0.1&apos;
Driver info: org.openqa.selenium.chrome.ChromeDriver
Command: [25b1b3ee9f88e7758fd01322552e4750, findElement {using=css selector, value=[class*=&apos;flyInOut&apos;]}]
Capabilities {acceptInsecureCerts: false, browserName: chrome, browserVersion: 132.0.6834.160, chrome: {chromedriverVersion: 132.0.6834.159 (2d77d3fc445..., userDataDir: C:\Users\raooosub\AppData\L...}, fedcm:accounts: true, goog:chromeOptions: {debuggerAddress: localhost:49702}, networkConnectionEnabled: false, pageLoadStrategy: normal, platformName: windows, proxy: Proxy(), se:cdp: ws://localhost:49702/devtoo..., se:cdpVersion: 132.0.6834.160, setWindowRect: true, strictFileInteractability: false, timeouts: {implicit: 0, pageLoad: 300000, script: 30000}, unhandledPromptBehavior: dismiss and notify, webauthn:extension:credBlob: true, webauthn:extension:largeBlob: true, webauthn:extension:minPinLength: true, webauthn:extension:prf: true, webauthn:virtualAuthenticators: true}
Session ID: 25b1b3ee9f88e7758fd01322552e4750
	at org.openqa.selenium.remote.codec.w3c.W3CHttpResponseCodec.createException(W3CHttpResponseCodec.java:200)
	at org.openqa.selenium.remote.codec.w3c.W3CHttpResponseCodec.decode(W3CHttpResponseCodec.java:133)
	at org.openqa.selenium.remote.codec.w3c.W3CHttpResponseCodec.decode(W3CHttpResponseCodec.java:52)
	at org.openqa.selenium.remote.HttpCommandExecutor.execute(HttpCommandExecutor.java:191)
	at org.openqa.selenium.remote.service.DriverCommandExecutor.invokeExecute(DriverCommandExecutor.java:196)
	at org.openqa.selenium.remote.service.DriverCommandExecutor.execute(DriverCommandExecutor.java:171)
	at org.openqa.selenium.remote.RemoteWebDriver.execute(RemoteWebDriver.java:602)
	at org.openqa.selenium.remote.ElementLocation$ElementFinder$2.findElement(ElementLocation.java:165)
	at org.openqa.selenium.remote.ElementLocation.findElement(ElementLocation.java:59)
	at org.openqa.selenium.remote.RemoteWebDriver.findElement(RemoteWebDriver.java:359)
	at org.openqa.selenium.remote.RemoteWebDriver.findElement(RemoteWebDriver.java:353)
	at org.openqa.selenium.support.pagefactory.DefaultElementLocator.findElement(DefaultElementLocator.java:68)
	at org.openqa.selenium.support.pagefactory.internal.LocatingElementHandler.invoke(LocatingElementHandler.java:38)
	at jdk.proxy2/jdk.proxy2.$Proxy33.getText(Unknown Source)
	at rs_PageObjects.LandingPage.getLoginErrorMessage(LandingPage.java:45)
	at rs_StandAloneTest.TC_03_TestErrorValidations.testInValidLoginForErrorMessage(TC_03_TestErrorValidations.java:25)
	at java.base/java.util.ArrayList.forEach(ArrayList.java:1597)
	at java.base/java.util.concurrent.FutureTask.run(FutureTask.java:317)
	at java.base/java.util.concurrent.ThreadPoolExecutor.runWorker(ThreadPoolExecutor.java:1144)
	at java.base/java.util.concurrent.ThreadPoolExecutor$Worker.run(ThreadPoolExecutor.java:642)
	at java.base/java.lang.Thread.run(Thread.java:1575)
... Removed 19 stack frames</div></td></tr></table><p class="totop"><a href="#summary">back to summary</a></p>
<h3 id="m1">rs_StandAloneTest.TC_03_TestErrorValidations#testSubmitOrderWithInvalidProduct</h3><table class="result"><tr><th>Exception</th></tr><tr><td><div class="stacktrace">java.lang.AssertionError: expected [true] but found [false]
	at rs_StandAloneTest.TC_03_TestErrorValidations.testSubmitOrderWithInvalidProduct(TC_03_TestErrorValidations.java:37)
	at java.base/java.util.ArrayList.forEach(ArrayList.java:1597)
	at java.base/java.util.concurrent.FutureTask.run(FutureTask.java:317)
	at java.base/java.util.concurrent.ThreadPoolExecutor.runWorker(ThreadPoolExecutor.java:1144)
	at java.base/java.util.concurrent.ThreadPoolExecutor$Worker.run(ThreadPoolExecutor.java:642)
	at java.base/java.lang.Thread.run(Thread.java:1575)
... Removed 20 stack frames</div></td></tr></table><p class="totop"><a href="#summary">back to summary</a></p>
<h3 id="m2">rs_StandAloneTest.TC_03_TestErrorValidations#testSubmitOrderWithInvalidProduct</h3><table class="result"><tr><th>Exception</th></tr><tr><td><div class="stacktrace">java.lang.AssertionError: expected [true] but found [false]
	at rs_StandAloneTest.TC_03_TestErrorValidations.testSubmitOrderWithInvalidProduct(TC_03_TestErrorValidations.java:37)
	at java.base/java.util.ArrayList.forEach(ArrayList.java:1597)
	at java.base/java.util.concurrent.FutureTask.run(FutureTask.java:317)
	at java.base/java.util.concurrent.ThreadPoolExecutor.runWorker(ThreadPoolExecutor.java:1144)
	at java.base/java.util.concurrent.ThreadPoolExecutor$Worker.run(ThreadPoolExecutor.java:642)
	at java.base/java.lang.Thread.run(Thread.java:1575)
... Removed 20 stack frames</div></td></tr></table><p class="totop"><a href="#summary">back to summary</a></p>
<h2>Test SuccessFul Transactions</h2><h3 id="m3">rs_StandAloneTest.TC_02_TestSubmitOrderUpdated#OrderHistoryTest</h3><table class="result"><tr class="param"><th>Parameter #1</th><th>Parameter #2</th><th>Parameter #3</th></tr><tr class="param stripe"><td>subbaraw@gmail.com</td><td>Span@1234</td><td>IPHONE 13 PRO</td></tr></table><p class="totop"><a href="#summary">back to summary</a></p>
<h3 id="m4">rs_StandAloneTest.TC_02_TestSubmitOrderUpdated#OrderHistoryTest</h3><table class="result"><tr class="param"><th>Parameter #1</th><th>Parameter #2</th><th>Parameter #3</th></tr><tr class="param stripe"><td>subbaraw@gmail.com</td><td>Span@1234</td><td>QWERTY</td></tr></table><p class="totop"><a href="#summary">back to summary</a></p>
<h3 id="m5">rs_StandAloneTest.TC_02_TestSubmitOrderUpdated#testSubmitOrder</h3><table class="result"><tr class="param"><th>Parameter #1</th><th>Parameter #2</th><th>Parameter #3</th></tr><tr class="param stripe"><td>subbaraw@gmail.com</td><td>Span@1234</td><td>QWERTY</td></tr></table><p class="totop"><a href="#summary">back to summary</a></p>
<h3 id="m6">rs_StandAloneTest.TC_02_TestSubmitOrderUpdated#testSubmitOrder</h3><table class="result"><tr class="param"><th>Parameter #1</th><th>Parameter #2</th><th>Parameter #3</th></tr><tr class="param stripe"><td>subbaraw@gmail.com</td><td>Span@1234</td><td>IPHONE 13 PRO</td></tr></table><p class="totop"><a href="#summary">back to summary</a></p>
</body>
</html>
