<?xml version="1.0" encoding="UTF-8"?>
<!-- Generated by org.testng.reporters.JUnitReportReporter -->
<testsuite hostname="WPF45D05X" failures="1" tests="1" name="rsCucumberFramework.cucumberOptions.FailedTestRunner" time="8.630" errors="0" timestamp="2025-02-10T19:02:49 IST" skipped="0">
  <testcase classname="rsCucumberFramework.cucumberOptions.FailedTestRunner" name="runScenario" time="8.630">
    <failure message="expected [Beetroot] but found [No data]" type="java.lang.AssertionError">
      <![CDATA[java.lang.AssertionError: expected [Beetroot] but found [No data]
at org.testng.Assert.fail(Assert.java:99)
at org.testng.Assert.failNotEquals(Assert.java:1037)
at org.testng.Assert.assertEqualsImpl(Assert.java:140)
at org.testng.Assert.assertEquals(Assert.java:122)
at org.testng.Assert.assertEquals(Assert.java:629)
at org.testng.Assert.assertEquals(Assert.java:639)
at rsCucumberFramework.stepDefinitions.OfferPageStepDefinition.validate_product_name_in_Offers_page(OfferPageStepDefinition.java:44)
at âœ½.validate product name in offers page matches with Landing Page(file:///C:/Learning%20Materials/MyAutomationLearning/JavaAndSeleniumExamples/JavaAndSeleniumExamples/src/test/java/rsCucumberFramework/features/SearchProduct.feature:8)
]]>
    </failure>
  </testcase> <!-- runScenario -->
  <system-out/>
</testsuite> <!-- rsCucumberFramework.cucumberOptions.FailedTestRunner -->
