<?xml version="1.0" encoding="UTF-8"?>
<!-- Generated by org.testng.reporters.JUnitReportReporter -->
<testsuite hostname="WPF45D05X" failures="1" tests="7" name="cucumberframework.cucumberOptions.TestNGRunner" time="0.174" errors="0" timestamp="2025-02-10T18:48:34 IST" skipped="0">
  <testcase classname="cucumberframework.cucumberOptions.TestNGRunner" name="runScenario" time="0.025">
    <failure message="expected [true] but found [false]" type="java.lang.AssertionError">
      <![CDATA[java.lang.AssertionError: expected [true] but found [false]
at org.testng.Assert.fail(Assert.java:99)
at org.testng.Assert.failNotEquals(Assert.java:1037)
at org.testng.Assert.assertTrue(Assert.java:45)
at org.testng.Assert.assertTrue(Assert.java:55)
at cucumberframework.stepDefinitions.MainSteps.user_is_on_practice_landing_page(MainSteps.java:24)
at âœ½.User is on Practice landing page(file:///C:/Learning%20Materials/MyAutomationLearning/JavaAndSeleniumExamples/JavaAndSeleniumExamples/src/main/java/cucumberframework/features/firstProgram.feature:48)
]]>
    </failure>
  </testcase> <!-- runScenario -->
  <system-out/>
  <testcase classname="cucumberframework.cucumberOptions.TestNGRunner" name="runScenario" time="0.103"/>
  <system-out/>
  <testcase classname="cucumberframework.cucumberOptions.TestNGRunner" name="runScenario" time="0.009"/>
  <system-out/>
  <testcase classname="cucumberframework.cucumberOptions.TestNGRunner" name="runScenario" time="0.009"/>
  <system-out/>
  <testcase classname="cucumberframework.cucumberOptions.TestNGRunner" name="runScenario" time="0.009"/>
  <system-out/>
  <testcase classname="cucumberframework.cucumberOptions.TestNGRunner" name="runScenario" time="0.008"/>
  <system-out/>
  <testcase classname="cucumberframework.cucumberOptions.TestNGRunner" name="runScenario" time="0.011"/>
  <system-out/>
</testsuite> <!-- cucumberframework.cucumberOptions.TestNGRunner -->
